2015-12-11 15:12:35,580 [http-bio-8080-exec-5] ERROR StackTrace  - Full Stack Trace:
org.codehaus.groovy.grails.web.pages.exceptions.GroovyPagesException: Error evaluating expression [person.age] on line [11]: No such property: age for class: com.grails.sample3.Person
Possible solutions: all, id
	at org.codehaus.groovy.grails.web.pages.GroovyPage.evaluate(GroovyPage.java:322)
	at sun.reflect.GeneratedMethodAccessor124.invoke(Unknown Source)
	at sun.reflect.DelegatingMethodAccessorImpl.invoke(DelegatingMethodAccessorImpl.java:43)
	at java.lang.reflect.Method.invoke(Method.java:483)
	at org.springsource.loaded.ri.ReflectiveInterceptor.jlrMethodInvoke(ReflectiveInterceptor.java:1270)
	at org.codehaus.groovy.reflection.CachedMethod.invoke(CachedMethod.java:90)
	at groovy.lang.MetaMethod.doMethodInvoke(MetaMethod.java:324)
	at groovy.lang.MetaClassImpl.invokeMethod(MetaClassImpl.java:1207)
	at groovy.lang.ExpandoMetaClass.invokeMethod(ExpandoMetaClass.java:1110)
	at groovy.lang.MetaClassImpl.invokeMethod(MetaClassImpl.java:1016)
	at groovy.lang.MetaClassImpl.invokeMethod(MetaClassImpl.java:1111)
	at groovy.lang.ExpandoMetaClass.invokeMethod(ExpandoMetaClass.java:1110)
	at groovy.lang.MetaClassImpl.invokeMethod(MetaClassImpl.java:1016)
	at org.codehaus.groovy.runtime.callsite.PogoMetaClassSite.callCurrent(PogoMetaClassSite.java:66)
	at org.codehaus.groovy.runtime.callsite.CallSiteArray.defaultCallCurrent(CallSiteArray.java:49)
	at org.codehaus.groovy.runtime.callsite.AbstractCallSite.callCurrent(AbstractCallSite.java:133)
	at org.codehaus.groovy.runtime.callsite.AbstractCallSite.callCurrent(AbstractCallSite.java:153)
	at C__Users_Baoting_Documents_workspace_ggts_3_6_4_RELEASE_sample_3_grails_app_views_person_index_gsp$_run_closure2.doCall(index.gsp:11)
	at sun.reflect.NativeMethodAccessorImpl.invoke0(Native Method)
	at sun.reflect.NativeMethodAccessorImpl.invoke(NativeMethodAccessorImpl.java:62)
	at sun.reflect.DelegatingMethodAccessorImpl.invoke(DelegatingMethodAccessorImpl.java:43)
	at java.lang.reflect.Method.invoke(Method.java:483)
	at org.springsource.loaded.ri.ReflectiveInterceptor.jlrMethodInvoke(ReflectiveInterceptor.java:1270)
	at org.codehaus.groovy.reflection.CachedMethod.invoke(CachedMethod.java:90)
	at groovy.lang.MetaMethod.doMethodInvoke(MetaMethod.java:324)
	at groovy.lang.MetaClassImpl.invokeMethod(MetaClassImpl.java:1207)
	at groovy.lang.ExpandoMetaClass.invokeMethod(ExpandoMetaClass.java:1110)
	at groovy.lang.MetaClassImpl.invokeMethod(MetaClassImpl.java:1016)
	at groovy.lang.Closure.call(Closure.java:423)
	at groovy.lang.Closure.call(Closure.java:417)
	at org.codehaus.groovy.grails.web.taglib.GroovyPageTagBody.executeClosure(GroovyPageTagBody.java:206)
	at org.codehaus.groovy.grails.web.taglib.GroovyPageTagBody.captureClosureOutput(GroovyPageTagBody.java:108)
	at org.codehaus.groovy.grails.web.taglib.GroovyPageTagBody.call(GroovyPageTagBody.java:219)
	at org.codehaus.groovy.grails.plugins.web.taglib.SitemeshTagLib.captureTagContent(SitemeshTagLib.groovy:49)
	at org.codehaus.groovy.grails.plugins.web.taglib.SitemeshTagLib.captureTagContent(SitemeshTagLib.groovy)
	at org.codehaus.groovy.grails.plugins.web.taglib.SitemeshTagLib$_closure3.doCall(SitemeshTagLib.groovy:157)
	at sun.reflect.NativeMethodAccessorImpl.invoke0(Native Method)
	at sun.reflect.NativeMethodAccessorImpl.invoke(NativeMethodAccessorImpl.java:62)
	at sun.reflect.DelegatingMethodAccessorImpl.invoke(DelegatingMethodAccessorImpl.java:43)
	at java.lang.reflect.Method.invoke(Method.java:483)
	at org.springsource.loaded.ri.ReflectiveInterceptor.jlrMethodInvoke(ReflectiveInterceptor.java:1270)
	at org.codehaus.groovy.reflection.CachedMethod.invoke(CachedMethod.java:90)
	at groovy.lang.MetaMethod.doMethodInvoke(MetaMethod.java:324)
	at groovy.lang.MetaClassImpl.invokeMethod(MetaClassImpl.java:1207)
	at groovy.lang.ExpandoMetaClass.invokeMethod(ExpandoMetaClass.java:1110)
	at groovy.lang.MetaClassImpl.invokeMethod(MetaClassImpl.java:1016)
	at groovy.lang.Closure.call(Closure.java:423)
	at org.codehaus.groovy.grails.web.pages.GroovyPage.invokeTagLibClosure(GroovyPage.java:501)
	at org.codehaus.groovy.grails.web.pages.GroovyPage.invokeTag(GroovyPage.java:419)
	at org.codehaus.groovy.grails.web.pages.GroovyPage$invokeTag$4.callCurrent(Unknown Source)
	at org.codehaus.groovy.runtime.callsite.CallSiteArray.defaultCallCurrent(CallSiteArray.java:49)
	at org.codehaus.groovy.runtime.callsite.AbstractCallSite.callCurrent(AbstractCallSite.java:133)
	at C__Users_Baoting_Documents_workspace_ggts_3_6_4_RELEASE_sample_3_grails_app_views_person_index_gsp.run(index.gsp:15)
	at org.codehaus.groovy.grails.web.pages.GroovyPageWritable.doWriteTo(GroovyPageWritable.java:217)
	at org.codehaus.groovy.grails.web.pages.GroovyPageWritable.writeTo(GroovyPageWritable.java:128)
	at org.codehaus.groovy.grails.web.servlet.view.GroovyPageView.renderTemplate(GroovyPageView.java:71)
	at org.codehaus.groovy.grails.web.servlet.view.AbstractGrailsView.renderWithinGrailsWebRequest(AbstractGrailsView.java:49)
	at org.codehaus.groovy.grails.web.servlet.view.AbstractGrailsView.renderMergedOutputModel(AbstractGrailsView.java:33)
	at org.springframework.web.servlet.view.AbstractView.render(AbstractView.java:267)
	at org.codehaus.groovy.grails.web.sitemesh.GrailsLayoutView.renderInnerView(GrailsLayoutView.java:116)
	at org.codehaus.groovy.grails.web.sitemesh.GrailsLayoutView.obtainContent(GrailsLayoutView.java:97)
	at org.codehaus.groovy.grails.web.sitemesh.GrailsLayoutView.renderTemplate(GrailsLayoutView.java:55)
	at org.codehaus.groovy.grails.web.servlet.view.AbstractGrailsView.renderWithinGrailsWebRequest(AbstractGrailsView.java:49)
	at org.codehaus.groovy.grails.web.servlet.view.AbstractGrailsView.renderMergedOutputModel(AbstractGrailsView.java:33)
	at org.springframework.web.servlet.view.AbstractView.render(AbstractView.java:267)
	at org.springframework.web.servlet.DispatcherServlet.render(DispatcherServlet.java:1221)
	at org.codehaus.groovy.grails.web.servlet.GrailsDispatcherServlet.doDispatch(GrailsDispatcherServlet.java:391)
	at org.springframework.web.servlet.DispatcherServlet.doService(DispatcherServlet.java:870)
	at org.springframework.web.servlet.FrameworkServlet.processRequest(FrameworkServlet.java:961)
	at org.springframework.web.servlet.FrameworkServlet.doGet(FrameworkServlet.java:852)
	at javax.servlet.http.HttpServlet.service(HttpServlet.java:620)
	at org.springframework.web.servlet.FrameworkServlet.service(FrameworkServlet.java:837)
	at javax.servlet.http.HttpServlet.service(HttpServlet.java:727)
	at org.apache.catalina.core.ApplicationFilterChain.internalDoFilter(ApplicationFilterChain.java:303)
	at org.apache.catalina.core.ApplicationFilterChain.doFilter(ApplicationFilterChain.java:208)
	at org.apache.tomcat.websocket.server.WsFilter.doFilter(WsFilter.java:52)
	at org.apache.catalina.core.ApplicationFilterChain.internalDoFilter(ApplicationFilterChain.java:241)
	at org.apache.catalina.core.ApplicationFilterChain.doFilter(ApplicationFilterChain.java:208)
	at grails.plugin.cache.web.filter.PageFragmentCachingFilter.doFilter(PageFragmentCachingFilter.java:198)
	at grails.plugin.cache.web.filter.AbstractFilter.doFilter(AbstractFilter.java:63)
	at org.springframework.web.filter.DelegatingFilterProxy.invokeDelegate(DelegatingFilterProxy.java:344)
	at org.springframework.web.filter.DelegatingFilterProxy.doFilter(DelegatingFilterProxy.java:261)
	at org.apache.catalina.core.ApplicationFilterChain.internalDoFilter(ApplicationFilterChain.java:241)
	at org.apache.catalina.core.ApplicationFilterChain.doFilter(ApplicationFilterChain.java:208)
	at org.springframework.web.filter.OncePerRequestFilter.doFilter(OncePerRequestFilter.java:101)
	at org.apache.catalina.core.ApplicationFilterChain.internalDoFilter(ApplicationFilterChain.java:241)
	at org.apache.catalina.core.ApplicationFilterChain.doFilter(ApplicationFilterChain.java:208)
	at org.springframework.web.filter.OncePerRequestFilter.doFilter(OncePerRequestFilter.java:101)
	at org.apache.catalina.core.ApplicationFilterChain.internalDoFilter(ApplicationFilterChain.java:241)
	at org.apache.catalina.core.ApplicationFilterChain.doFilter(ApplicationFilterChain.java:208)
	at org.springframework.web.filter.OncePerRequestFilter.doFilter(OncePerRequestFilter.java:101)
	at org.apache.catalina.core.ApplicationFilterChain.internalDoFilter(ApplicationFilterChain.java:241)
	at org.apache.catalina.core.ApplicationFilterChain.doFilter(ApplicationFilterChain.java:208)
	at org.apache.catalina.core.ApplicationDispatcher.invoke(ApplicationDispatcher.java:748)
	at org.apache.catalina.core.ApplicationDispatcher.processRequest(ApplicationDispatcher.java:486)
	at org.apache.catalina.core.ApplicationDispatcher.doForward(ApplicationDispatcher.java:411)
	at org.apache.catalina.core.ApplicationDispatcher.forward(ApplicationDispatcher.java:338)
	at org.codehaus.groovy.grails.web.mapping.UrlMappingUtils.forwardRequestForUrlMappingInfo(UrlMappingUtils.java:178)
	at org.codehaus.groovy.grails.web.mapping.UrlMappingUtils.forwardRequestForUrlMappingInfo(UrlMappingUtils.java:144)
	at org.codehaus.groovy.grails.web.mapping.UrlMappingUtils.forwardRequestForUrlMappingInfo(UrlMappingUtils.java:135)
	at org.codehaus.groovy.grails.web.mapping.filter.UrlMappingsFilter.doFilterInternal(UrlMappingsFilter.java:216)
	at org.springframework.web.filter.OncePerRequestFilter.doFilter(OncePerRequestFilter.java:107)
	at org.apache.catalina.core.ApplicationFilterChain.internalDoFilter(ApplicationFilterChain.java:241)
	at org.apache.catalina.core.ApplicationFilterChain.doFilter(ApplicationFilterChain.java:208)
	at org.codehaus.groovy.grails.web.servlet.mvc.GrailsWebRequestFilter.doFilterInternal(GrailsWebRequestFilter.java:69)
	at org.springframework.web.filter.OncePerRequestFilter.doFilter(OncePerRequestFilter.java:107)
	at org.apache.catalina.core.ApplicationFilterChain.internalDoFilter(ApplicationFilterChain.java:241)
	at org.apache.catalina.core.ApplicationFilterChain.doFilter(ApplicationFilterChain.java:208)
	at org.codehaus.groovy.grails.web.filters.HiddenHttpMethodFilter.doFilterInternal(HiddenHttpMethodFilter.java:67)
	at org.springframework.web.filter.OncePerRequestFilter.doFilter(OncePerRequestFilter.java:107)
	at org.apache.catalina.core.ApplicationFilterChain.internalDoFilter(ApplicationFilterChain.java:241)
	at org.apache.catalina.core.ApplicationFilterChain.doFilter(ApplicationFilterChain.java:208)
	at org.springframework.web.filter.CharacterEncodingFilter.doFilterInternal(CharacterEncodingFilter.java:88)
	at org.springframework.web.filter.OncePerRequestFilter.doFilter(OncePerRequestFilter.java:107)
	at org.springframework.web.filter.DelegatingFilterProxy.invokeDelegate(DelegatingFilterProxy.java:344)
	at org.springframework.web.filter.DelegatingFilterProxy.doFilter(DelegatingFilterProxy.java:261)
	at org.apache.catalina.core.ApplicationFilterChain.internalDoFilter(ApplicationFilterChain.java:241)
	at org.apache.catalina.core.ApplicationFilterChain.doFilter(ApplicationFilterChain.java:208)
	at org.apache.catalina.core.StandardWrapperValve.invoke(StandardWrapperValve.java:220)
	at org.apache.catalina.core.StandardContextValve.invoke(StandardContextValve.java:122)
	at org.apache.catalina.core.StandardHostValve.invoke(StandardHostValve.java:171)
	at org.apache.catalina.valves.ErrorReportValve.invoke(ErrorReportValve.java:103)
	at org.apache.catalina.core.StandardEngineValve.invoke(StandardEngineValve.java:116)
	at org.apache.catalina.connector.CoyoteAdapter.service(CoyoteAdapter.java:408)
	at org.apache.coyote.http11.AbstractHttp11Processor.process(AbstractHttp11Processor.java:1070)
	at org.apache.coyote.AbstractProtocol$AbstractConnectionHandler.process(AbstractProtocol.java:611)
	at org.apache.tomcat.util.net.JIoEndpoint$SocketProcessor.run(JIoEndpoint.java:316)
	at java.util.concurrent.ThreadPoolExecutor.runWorker(ThreadPoolExecutor.java:1142)
	at java.util.concurrent.ThreadPoolExecutor$Worker.run(ThreadPoolExecutor.java:617)
	at org.apache.tomcat.util.threads.TaskThread$WrappingRunnable.run(TaskThread.java:61)
	at java.lang.Thread.run(Thread.java:745)
Caused by: groovy.lang.MissingPropertyException: No such property: age for class: com.grails.sample3.Person
Possible solutions: all, id
	at org.codehaus.groovy.runtime.ScriptBytecodeAdapter.unwrap(ScriptBytecodeAdapter.java:51)
	at org.codehaus.groovy.runtime.callsite.PogoMetaClassGetPropertySite.getProperty(PogoMetaClassGetPropertySite.java:50)
	at org.codehaus.groovy.runtime.callsite.AbstractCallSite.callGetProperty(AbstractCallSite.java:227)
	at C__Users_Baoting_Documents_workspace_ggts_3_6_4_RELEASE_sample_3_grails_app_views_person_index_gsp$_run_closure2_closure11.doCall(index.gsp:11)
	at sun.reflect.NativeMethodAccessorImpl.invoke0(Native Method)
	at sun.reflect.NativeMethodAccessorImpl.invoke(NativeMethodAccessorImpl.java:62)
	at sun.reflect.DelegatingMethodAccessorImpl.invoke(DelegatingMethodAccessorImpl.java:43)
	at java.lang.reflect.Method.invoke(Method.java:483)
	at org.springsource.loaded.ri.ReflectiveInterceptor.jlrMethodInvoke(ReflectiveInterceptor.java:1270)
	at org.codehaus.groovy.reflection.CachedMethod.invoke(CachedMethod.java:90)
	at groovy.lang.MetaMethod.doMethodInvoke(MetaMethod.java:324)
	at groovy.lang.MetaClassImpl.invokeMethod(MetaClassImpl.java:1207)
	at groovy.lang.ExpandoMetaClass.invokeMethod(ExpandoMetaClass.java:1110)
	at groovy.lang.MetaClassImpl.invokeMethod(MetaClassImpl.java:1016)
	at groovy.lang.Closure.call(Closure.java:423)
	at groovy.lang.Closure.call(Closure.java:439)
	at org.codehaus.groovy.grails.web.pages.GroovyPage.evaluate(GroovyPage.java:320)
	... 130 more
2015-12-11 15:12:35,585 [http-bio-8080-exec-5] ERROR StackTrace  - Full Stack Trace:
groovy.lang.MissingPropertyException: No such property: age for class: com.grails.sample3.Person
Possible solutions: all, id
	at org.codehaus.groovy.runtime.ScriptBytecodeAdapter.unwrap(ScriptBytecodeAdapter.java:51)
	at org.codehaus.groovy.runtime.callsite.PogoMetaClassGetPropertySite.getProperty(PogoMetaClassGetPropertySite.java:50)
	at org.codehaus.groovy.runtime.callsite.AbstractCallSite.callGetProperty(AbstractCallSite.java:227)
	at C__Users_Baoting_Documents_workspace_ggts_3_6_4_RELEASE_sample_3_grails_app_views_person_index_gsp$_run_closure2_closure11.doCall(index.gsp:11)
	at sun.reflect.NativeMethodAccessorImpl.invoke0(Native Method)
	at sun.reflect.NativeMethodAccessorImpl.invoke(NativeMethodAccessorImpl.java:62)
	at sun.reflect.DelegatingMethodAccessorImpl.invoke(DelegatingMethodAccessorImpl.java:43)
	at java.lang.reflect.Method.invoke(Method.java:483)
	at org.springsource.loaded.ri.ReflectiveInterceptor.jlrMethodInvoke(ReflectiveInterceptor.java:1270)
	at org.codehaus.groovy.reflection.CachedMethod.invoke(CachedMethod.java:90)
	at groovy.lang.MetaMethod.doMethodInvoke(MetaMethod.java:324)
	at groovy.lang.MetaClassImpl.invokeMethod(MetaClassImpl.java:1207)
	at groovy.lang.ExpandoMetaClass.invokeMethod(ExpandoMetaClass.java:1110)
	at groovy.lang.MetaClassImpl.invokeMethod(MetaClassImpl.java:1016)
	at groovy.lang.Closure.call(Closure.java:423)
	at groovy.lang.Closure.call(Closure.java:439)
	at org.codehaus.groovy.grails.web.pages.GroovyPage.evaluate(GroovyPage.java:320)
	at sun.reflect.GeneratedMethodAccessor124.invoke(Unknown Source)
	at sun.reflect.DelegatingMethodAccessorImpl.invoke(DelegatingMethodAccessorImpl.java:43)
	at java.lang.reflect.Method.invoke(Method.java:483)
	at org.springsource.loaded.ri.ReflectiveInterceptor.jlrMethodInvoke(ReflectiveInterceptor.java:1270)
	at org.codehaus.groovy.reflection.CachedMethod.invoke(CachedMethod.java:90)
	at groovy.lang.MetaMethod.doMethodInvoke(MetaMethod.java:324)
	at groovy.lang.MetaClassImpl.invokeMethod(MetaClassImpl.java:1207)
	at groovy.lang.ExpandoMetaClass.invokeMethod(ExpandoMetaClass.java:1110)
	at groovy.lang.MetaClassImpl.invokeMethod(MetaClassImpl.java:1016)
	at groovy.lang.MetaClassImpl.invokeMethod(MetaClassImpl.java:1111)
	at groovy.lang.ExpandoMetaClass.invokeMethod(ExpandoMetaClass.java:1110)
	at groovy.lang.MetaClassImpl.invokeMethod(MetaClassImpl.java:1016)
	at org.codehaus.groovy.runtime.callsite.PogoMetaClassSite.callCurrent(PogoMetaClassSite.java:66)
	at org.codehaus.groovy.runtime.callsite.CallSiteArray.defaultCallCurrent(CallSiteArray.java:49)
	at org.codehaus.groovy.runtime.callsite.AbstractCallSite.callCurrent(AbstractCallSite.java:133)
	at org.codehaus.groovy.runtime.callsite.AbstractCallSite.callCurrent(AbstractCallSite.java:153)
	at C__Users_Baoting_Documents_workspace_ggts_3_6_4_RELEASE_sample_3_grails_app_views_person_index_gsp$_run_closure2.doCall(index.gsp:11)
	at sun.reflect.NativeMethodAccessorImpl.invoke0(Native Method)
	at sun.reflect.NativeMethodAccessorImpl.invoke(NativeMethodAccessorImpl.java:62)
	at sun.reflect.DelegatingMethodAccessorImpl.invoke(DelegatingMethodAccessorImpl.java:43)
	at java.lang.reflect.Method.invoke(Method.java:483)
	at org.springsource.loaded.ri.ReflectiveInterceptor.jlrMethodInvoke(ReflectiveInterceptor.java:1270)
	at org.codehaus.groovy.reflection.CachedMethod.invoke(CachedMethod.java:90)
	at groovy.lang.MetaMethod.doMethodInvoke(MetaMethod.java:324)
	at groovy.lang.MetaClassImpl.invokeMethod(MetaClassImpl.java:1207)
	at groovy.lang.ExpandoMetaClass.invokeMethod(ExpandoMetaClass.java:1110)
	at groovy.lang.MetaClassImpl.invokeMethod(MetaClassImpl.java:1016)
	at groovy.lang.Closure.call(Closure.java:423)
	at groovy.lang.Closure.call(Closure.java:417)
	at org.codehaus.groovy.grails.web.taglib.GroovyPageTagBody.executeClosure(GroovyPageTagBody.java:206)
	at org.codehaus.groovy.grails.web.taglib.GroovyPageTagBody.captureClosureOutput(GroovyPageTagBody.java:108)
	at org.codehaus.groovy.grails.web.taglib.GroovyPageTagBody.call(GroovyPageTagBody.java:219)
	at org.codehaus.groovy.grails.plugins.web.taglib.SitemeshTagLib.captureTagContent(SitemeshTagLib.groovy:49)
	at org.codehaus.groovy.grails.plugins.web.taglib.SitemeshTagLib.captureTagContent(SitemeshTagLib.groovy)
	at org.codehaus.groovy.grails.plugins.web.taglib.SitemeshTagLib$_closure3.doCall(SitemeshTagLib.groovy:157)
	at sun.reflect.NativeMethodAccessorImpl.invoke0(Native Method)
	at sun.reflect.NativeMethodAccessorImpl.invoke(NativeMethodAccessorImpl.java:62)
	at sun.reflect.DelegatingMethodAccessorImpl.invoke(DelegatingMethodAccessorImpl.java:43)
	at java.lang.reflect.Method.invoke(Method.java:483)
	at org.springsource.loaded.ri.ReflectiveInterceptor.jlrMethodInvoke(ReflectiveInterceptor.java:1270)
	at org.codehaus.groovy.reflection.CachedMethod.invoke(CachedMethod.java:90)
	at groovy.lang.MetaMethod.doMethodInvoke(MetaMethod.java:324)
	at groovy.lang.MetaClassImpl.invokeMethod(MetaClassImpl.java:1207)
	at groovy.lang.ExpandoMetaClass.invokeMethod(ExpandoMetaClass.java:1110)
	at groovy.lang.MetaClassImpl.invokeMethod(MetaClassImpl.java:1016)
	at groovy.lang.Closure.call(Closure.java:423)
	at org.codehaus.groovy.grails.web.pages.GroovyPage.invokeTagLibClosure(GroovyPage.java:501)
	at org.codehaus.groovy.grails.web.pages.GroovyPage.invokeTag(GroovyPage.java:419)
	at org.codehaus.groovy.grails.web.pages.GroovyPage$invokeTag$4.callCurrent(Unknown Source)
	at org.codehaus.groovy.runtime.callsite.CallSiteArray.defaultCallCurrent(CallSiteArray.java:49)
	at org.codehaus.groovy.runtime.callsite.AbstractCallSite.callCurrent(AbstractCallSite.java:133)
	at C__Users_Baoting_Documents_workspace_ggts_3_6_4_RELEASE_sample_3_grails_app_views_person_index_gsp.run(index.gsp:15)
	at org.codehaus.groovy.grails.web.pages.GroovyPageWritable.doWriteTo(GroovyPageWritable.java:217)
	at org.codehaus.groovy.grails.web.pages.GroovyPageWritable.writeTo(GroovyPageWritable.java:128)
	at org.codehaus.groovy.grails.web.servlet.view.GroovyPageView.renderTemplate(GroovyPageView.java:71)
	at org.codehaus.groovy.grails.web.servlet.view.AbstractGrailsView.renderWithinGrailsWebRequest(AbstractGrailsView.java:49)
	at org.codehaus.groovy.grails.web.servlet.view.AbstractGrailsView.renderMergedOutputModel(AbstractGrailsView.java:33)
	at org.springframework.web.servlet.view.AbstractView.render(AbstractView.java:267)
	at org.codehaus.groovy.grails.web.sitemesh.GrailsLayoutView.renderInnerView(GrailsLayoutView.java:116)
	at org.codehaus.groovy.grails.web.sitemesh.GrailsLayoutView.obtainContent(GrailsLayoutView.java:97)
	at org.codehaus.groovy.grails.web.sitemesh.GrailsLayoutView.renderTemplate(GrailsLayoutView.java:55)
	at org.codehaus.groovy.grails.web.servlet.view.AbstractGrailsView.renderWithinGrailsWebRequest(AbstractGrailsView.java:49)
	at org.codehaus.groovy.grails.web.servlet.view.AbstractGrailsView.renderMergedOutputModel(AbstractGrailsView.java:33)
	at org.springframework.web.servlet.view.AbstractView.render(AbstractView.java:267)
	at org.springframework.web.servlet.DispatcherServlet.render(DispatcherServlet.java:1221)
	at org.codehaus.groovy.grails.web.servlet.GrailsDispatcherServlet.doDispatch(GrailsDispatcherServlet.java:391)
	at org.springframework.web.servlet.DispatcherServlet.doService(DispatcherServlet.java:870)
	at org.springframework.web.servlet.FrameworkServlet.processRequest(FrameworkServlet.java:961)
	at org.springframework.web.servlet.FrameworkServlet.doGet(FrameworkServlet.java:852)
	at javax.servlet.http.HttpServlet.service(HttpServlet.java:620)
	at org.springframework.web.servlet.FrameworkServlet.service(FrameworkServlet.java:837)
	at javax.servlet.http.HttpServlet.service(HttpServlet.java:727)
	at org.apache.catalina.core.ApplicationFilterChain.internalDoFilter(ApplicationFilterChain.java:303)
	at org.apache.catalina.core.ApplicationFilterChain.doFilter(ApplicationFilterChain.java:208)
	at org.apache.tomcat.websocket.server.WsFilter.doFilter(WsFilter.java:52)
	at org.apache.catalina.core.ApplicationFilterChain.internalDoFilter(ApplicationFilterChain.java:241)
	at org.apache.catalina.core.ApplicationFilterChain.doFilter(ApplicationFilterChain.java:208)
	at grails.plugin.cache.web.filter.PageFragmentCachingFilter.doFilter(PageFragmentCachingFilter.java:198)
	at grails.plugin.cache.web.filter.AbstractFilter.doFilter(AbstractFilter.java:63)
	at org.springframework.web.filter.DelegatingFilterProxy.invokeDelegate(DelegatingFilterProxy.java:344)
	at org.springframework.web.filter.DelegatingFilterProxy.doFilter(DelegatingFilterProxy.java:261)
	at org.apache.catalina.core.ApplicationFilterChain.internalDoFilter(ApplicationFilterChain.java:241)
	at org.apache.catalina.core.ApplicationFilterChain.doFilter(ApplicationFilterChain.java:208)
	at org.springframework.web.filter.OncePerRequestFilter.doFilter(OncePerRequestFilter.java:101)
	at org.apache.catalina.core.ApplicationFilterChain.internalDoFilter(ApplicationFilterChain.java:241)
	at org.apache.catalina.core.ApplicationFilterChain.doFilter(ApplicationFilterChain.java:208)
	at org.springframework.web.filter.OncePerRequestFilter.doFilter(OncePerRequestFilter.java:101)
	at org.apache.catalina.core.ApplicationFilterChain.internalDoFilter(ApplicationFilterChain.java:241)
	at org.apache.catalina.core.ApplicationFilterChain.doFilter(ApplicationFilterChain.java:208)
	at org.springframework.web.filter.OncePerRequestFilter.doFilter(OncePerRequestFilter.java:101)
	at org.apache.catalina.core.ApplicationFilterChain.internalDoFilter(ApplicationFilterChain.java:241)
	at org.apache.catalina.core.ApplicationFilterChain.doFilter(ApplicationFilterChain.java:208)
	at org.apache.catalina.core.ApplicationDispatcher.invoke(ApplicationDispatcher.java:748)
	at org.apache.catalina.core.ApplicationDispatcher.processRequest(ApplicationDispatcher.java:486)
	at org.apache.catalina.core.ApplicationDispatcher.doForward(ApplicationDispatcher.java:411)
	at org.apache.catalina.core.ApplicationDispatcher.forward(ApplicationDispatcher.java:338)
	at org.codehaus.groovy.grails.web.mapping.UrlMappingUtils.forwardRequestForUrlMappingInfo(UrlMappingUtils.java:178)
	at org.codehaus.groovy.grails.web.mapping.UrlMappingUtils.forwardRequestForUrlMappingInfo(UrlMappingUtils.java:144)
	at org.codehaus.groovy.grails.web.mapping.UrlMappingUtils.forwardRequestForUrlMappingInfo(UrlMappingUtils.java:135)
	at org.codehaus.groovy.grails.web.mapping.filter.UrlMappingsFilter.doFilterInternal(UrlMappingsFilter.java:216)
	at org.springframework.web.filter.OncePerRequestFilter.doFilter(OncePerRequestFilter.java:107)
	at org.apache.catalina.core.ApplicationFilterChain.internalDoFilter(ApplicationFilterChain.java:241)
	at org.apache.catalina.core.ApplicationFilterChain.doFilter(ApplicationFilterChain.java:208)
	at org.codehaus.groovy.grails.web.servlet.mvc.GrailsWebRequestFilter.doFilterInternal(GrailsWebRequestFilter.java:69)
	at org.springframework.web.filter.OncePerRequestFilter.doFilter(OncePerRequestFilter.java:107)
	at org.apache.catalina.core.ApplicationFilterChain.internalDoFilter(ApplicationFilterChain.java:241)
	at org.apache.catalina.core.ApplicationFilterChain.doFilter(ApplicationFilterChain.java:208)
	at org.codehaus.groovy.grails.web.filters.HiddenHttpMethodFilter.doFilterInternal(HiddenHttpMethodFilter.java:67)
	at org.springframework.web.filter.OncePerRequestFilter.doFilter(OncePerRequestFilter.java:107)
	at org.apache.catalina.core.ApplicationFilterChain.internalDoFilter(ApplicationFilterChain.java:241)
	at org.apache.catalina.core.ApplicationFilterChain.doFilter(ApplicationFilterChain.java:208)
	at org.springframework.web.filter.CharacterEncodingFilter.doFilterInternal(CharacterEncodingFilter.java:88)
	at org.springframework.web.filter.OncePerRequestFilter.doFilter(OncePerRequestFilter.java:107)
	at org.springframework.web.filter.DelegatingFilterProxy.invokeDelegate(DelegatingFilterProxy.java:344)
	at org.springframework.web.filter.DelegatingFilterProxy.doFilter(DelegatingFilterProxy.java:261)
	at org.apache.catalina.core.ApplicationFilterChain.internalDoFilter(ApplicationFilterChain.java:241)
	at org.apache.catalina.core.ApplicationFilterChain.doFilter(ApplicationFilterChain.java:208)
	at org.apache.catalina.core.StandardWrapperValve.invoke(StandardWrapperValve.java:220)
	at org.apache.catalina.core.StandardContextValve.invoke(StandardContextValve.java:122)
	at org.apache.catalina.core.StandardHostValve.invoke(StandardHostValve.java:171)
	at org.apache.catalina.valves.ErrorReportValve.invoke(ErrorReportValve.java:103)
	at org.apache.catalina.core.StandardEngineValve.invoke(StandardEngineValve.java:116)
	at org.apache.catalina.connector.CoyoteAdapter.service(CoyoteAdapter.java:408)
	at org.apache.coyote.http11.AbstractHttp11Processor.process(AbstractHttp11Processor.java:1070)
	at org.apache.coyote.AbstractProtocol$AbstractConnectionHandler.process(AbstractProtocol.java:611)
	at org.apache.tomcat.util.net.JIoEndpoint$SocketProcessor.run(JIoEndpoint.java:316)
	at java.util.concurrent.ThreadPoolExecutor.runWorker(ThreadPoolExecutor.java:1142)
	at java.util.concurrent.ThreadPoolExecutor$Worker.run(ThreadPoolExecutor.java:617)
	at org.apache.tomcat.util.threads.TaskThread$WrappingRunnable.run(TaskThread.java:61)
	at java.lang.Thread.run(Thread.java:745)
2015-12-11 15:12:35,587 [http-bio-8080-exec-5] ERROR StackTrace  - Full Stack Trace:
org.codehaus.groovy.grails.web.pages.exceptions.GroovyPagesException: Error evaluating expression [person.age] on line [11]: No such property: age for class: com.grails.sample3.Person
Possible solutions: all, id
	at C__Users_Baoting_Documents_workspace_ggts_3_6_4_RELEASE_sample_3_grails_app_views_person_index_gsp$_run_closure2.doCall(index.gsp:11)
	at C__Users_Baoting_Documents_workspace_ggts_3_6_4_RELEASE_sample_3_grails_app_views_person_index_gsp.run(index.gsp:15)
	at grails.plugin.cache.web.filter.PageFragmentCachingFilter.doFilter(PageFragmentCachingFilter.java:198)
	at grails.plugin.cache.web.filter.AbstractFilter.doFilter(AbstractFilter.java:63)
	at java.util.concurrent.ThreadPoolExecutor.runWorker(ThreadPoolExecutor.java:1142)
	at java.util.concurrent.ThreadPoolExecutor$Worker.run(ThreadPoolExecutor.java:617)
	at java.lang.Thread.run(Thread.java:745)
Caused by: groovy.lang.MissingPropertyException: No such property: age for class: com.grails.sample3.Person
Possible solutions: all, id
	at C__Users_Baoting_Documents_workspace_ggts_3_6_4_RELEASE_sample_3_grails_app_views_person_index_gsp$_run_closure2_closure11.doCall(index.gsp:11)
	... 7 more
2015-12-11 15:12:35,617 [http-bio-8080-exec-5] ERROR StackTrace  - Full Stack Trace:
org.codehaus.groovy.grails.web.pages.exceptions.GroovyPagesException: Error evaluating expression [person.age] on line [11]: No such property: age for class: com.grails.sample3.Person
Possible solutions: all, id
	at C__Users_Baoting_Documents_workspace_ggts_3_6_4_RELEASE_sample_3_grails_app_views_person_index_gsp$_run_closure2.doCall(index.gsp:11)
	at C__Users_Baoting_Documents_workspace_ggts_3_6_4_RELEASE_sample_3_grails_app_views_person_index_gsp.run(index.gsp:15)
	at grails.plugin.cache.web.filter.PageFragmentCachingFilter.doFilter(PageFragmentCachingFilter.java:198)
	at grails.plugin.cache.web.filter.AbstractFilter.doFilter(AbstractFilter.java:63)
	at java.util.concurrent.ThreadPoolExecutor.runWorker(ThreadPoolExecutor.java:1142)
	at java.util.concurrent.ThreadPoolExecutor$Worker.run(ThreadPoolExecutor.java:617)
	at java.lang.Thread.run(Thread.java:745)
Caused by: groovy.lang.MissingPropertyException: No such property: age for class: com.grails.sample3.Person
Possible solutions: all, id
	at C__Users_Baoting_Documents_workspace_ggts_3_6_4_RELEASE_sample_3_grails_app_views_person_index_gsp$_run_closure2_closure11.doCall(index.gsp:11)
	... 7 more
2015-12-11 15:12:35,618 [http-bio-8080-exec-5] ERROR StackTrace  - Full Stack Trace:
groovy.lang.MissingPropertyException: No such property: age for class: com.grails.sample3.Person
Possible solutions: all, id
	at C__Users_Baoting_Documents_workspace_ggts_3_6_4_RELEASE_sample_3_grails_app_views_person_index_gsp$_run_closure2_closure11.doCall(index.gsp:11)
	at C__Users_Baoting_Documents_workspace_ggts_3_6_4_RELEASE_sample_3_grails_app_views_person_index_gsp$_run_closure2.doCall(index.gsp:11)
	at C__Users_Baoting_Documents_workspace_ggts_3_6_4_RELEASE_sample_3_grails_app_views_person_index_gsp.run(index.gsp:15)
	at grails.plugin.cache.web.filter.PageFragmentCachingFilter.doFilter(PageFragmentCachingFilter.java:198)
	at grails.plugin.cache.web.filter.AbstractFilter.doFilter(AbstractFilter.java:63)
	at java.util.concurrent.ThreadPoolExecutor.runWorker(ThreadPoolExecutor.java:1142)
	at java.util.concurrent.ThreadPoolExecutor$Worker.run(ThreadPoolExecutor.java:617)
	at java.lang.Thread.run(Thread.java:745)
2015-12-11 15:12:35,618 [http-bio-8080-exec-5] ERROR StackTrace  - Full Stack Trace:
org.codehaus.groovy.grails.web.pages.exceptions.GroovyPagesException: Error evaluating expression [person.age] on line [11]: No such property: age for class: com.grails.sample3.Person
Possible solutions: all, id
	at C__Users_Baoting_Documents_workspace_ggts_3_6_4_RELEASE_sample_3_grails_app_views_person_index_gsp$_run_closure2.doCall(index.gsp:11)
	at C__Users_Baoting_Documents_workspace_ggts_3_6_4_RELEASE_sample_3_grails_app_views_person_index_gsp.run(index.gsp:15)
	at grails.plugin.cache.web.filter.PageFragmentCachingFilter.doFilter(PageFragmentCachingFilter.java:198)
	at grails.plugin.cache.web.filter.AbstractFilter.doFilter(AbstractFilter.java:63)
	at java.util.concurrent.ThreadPoolExecutor.runWorker(ThreadPoolExecutor.java:1142)
	at java.util.concurrent.ThreadPoolExecutor$Worker.run(ThreadPoolExecutor.java:617)
	at java.lang.Thread.run(Thread.java:745)
Caused by: groovy.lang.MissingPropertyException: No such property: age for class: com.grails.sample3.Person
Possible solutions: all, id
	at C__Users_Baoting_Documents_workspace_ggts_3_6_4_RELEASE_sample_3_grails_app_views_person_index_gsp$_run_closure2_closure11.doCall(index.gsp:11)
	... 7 more
2015-12-11 15:12:35,618 [http-bio-8080-exec-5] ERROR StackTrace  - Full Stack Trace:
org.codehaus.groovy.grails.web.pages.exceptions.GroovyPagesException: Error evaluating expression [person.age] on line [11]: No such property: age for class: com.grails.sample3.Person
Possible solutions: all, id
	at C__Users_Baoting_Documents_workspace_ggts_3_6_4_RELEASE_sample_3_grails_app_views_person_index_gsp$_run_closure2.doCall(index.gsp:11)
	at C__Users_Baoting_Documents_workspace_ggts_3_6_4_RELEASE_sample_3_grails_app_views_person_index_gsp.run(index.gsp:15)
	at grails.plugin.cache.web.filter.PageFragmentCachingFilter.doFilter(PageFragmentCachingFilter.java:198)
	at grails.plugin.cache.web.filter.AbstractFilter.doFilter(AbstractFilter.java:63)
	at java.util.concurrent.ThreadPoolExecutor.runWorker(ThreadPoolExecutor.java:1142)
	at java.util.concurrent.ThreadPoolExecutor$Worker.run(ThreadPoolExecutor.java:617)
	at java.lang.Thread.run(Thread.java:745)
Caused by: groovy.lang.MissingPropertyException: No such property: age for class: com.grails.sample3.Person
Possible solutions: all, id
	at C__Users_Baoting_Documents_workspace_ggts_3_6_4_RELEASE_sample_3_grails_app_views_person_index_gsp$_run_closure2_closure11.doCall(index.gsp:11)
	... 7 more
2015-12-11 15:12:35,618 [http-bio-8080-exec-5] ERROR StackTrace  - Full Stack Trace:
groovy.lang.MissingPropertyException: No such property: age for class: com.grails.sample3.Person
Possible solutions: all, id
	at C__Users_Baoting_Documents_workspace_ggts_3_6_4_RELEASE_sample_3_grails_app_views_person_index_gsp$_run_closure2_closure11.doCall(index.gsp:11)
	at C__Users_Baoting_Documents_workspace_ggts_3_6_4_RELEASE_sample_3_grails_app_views_person_index_gsp$_run_closure2.doCall(index.gsp:11)
	at C__Users_Baoting_Documents_workspace_ggts_3_6_4_RELEASE_sample_3_grails_app_views_person_index_gsp.run(index.gsp:15)
	at grails.plugin.cache.web.filter.PageFragmentCachingFilter.doFilter(PageFragmentCachingFilter.java:198)
	at grails.plugin.cache.web.filter.AbstractFilter.doFilter(AbstractFilter.java:63)
	at java.util.concurrent.ThreadPoolExecutor.runWorker(ThreadPoolExecutor.java:1142)
	at java.util.concurrent.ThreadPoolExecutor$Worker.run(ThreadPoolExecutor.java:617)
	at java.lang.Thread.run(Thread.java:745)
2015-12-11 15:12:35,619 [http-bio-8080-exec-5] ERROR StackTrace  - Full Stack Trace:
org.codehaus.groovy.grails.web.pages.exceptions.GroovyPagesException: Error evaluating expression [person.age] on line [11]: No such property: age for class: com.grails.sample3.Person
Possible solutions: all, id
	at C__Users_Baoting_Documents_workspace_ggts_3_6_4_RELEASE_sample_3_grails_app_views_person_index_gsp$_run_closure2.doCall(index.gsp:11)
	at C__Users_Baoting_Documents_workspace_ggts_3_6_4_RELEASE_sample_3_grails_app_views_person_index_gsp.run(index.gsp:15)
	at grails.plugin.cache.web.filter.PageFragmentCachingFilter.doFilter(PageFragmentCachingFilter.java:198)
	at grails.plugin.cache.web.filter.AbstractFilter.doFilter(AbstractFilter.java:63)
	at java.util.concurrent.ThreadPoolExecutor.runWorker(ThreadPoolExecutor.java:1142)
	at java.util.concurrent.ThreadPoolExecutor$Worker.run(ThreadPoolExecutor.java:617)
	at java.lang.Thread.run(Thread.java:745)
Caused by: groovy.lang.MissingPropertyException: No such property: age for class: com.grails.sample3.Person
Possible solutions: all, id
	at C__Users_Baoting_Documents_workspace_ggts_3_6_4_RELEASE_sample_3_grails_app_views_person_index_gsp$_run_closure2_closure11.doCall(index.gsp:11)
	... 7 more
